<?xml version="1.0" encoding="UTF-8"?>
<testng-results ignored="0" total="1" passed="1" failed="0" skipped="0">
  <reporter-output>
  </reporter-output>
  <suite started-at="2025-11-28T16:21:43 IST" name="Default suite" finished-at="2025-11-28T16:21:56 IST" duration-ms="12610">
    <groups>
      <group name="cucumber">
        <method signature="AbstractTestNGCucumberTests.runScenario(io.cucumber.testng.PickleWrapper,io.cucumber.testng.FeatureWrapper)[pri:0, instance:runnerfilepenta.Runpenta@65e98b1c]" name="runScenario" class="io.cucumber.testng.AbstractTestNGCucumberTests"/>
      </group> <!-- cucumber -->
    </groups>
    <test started-at="2025-11-28T16:21:43 IST" name="Default test" finished-at="2025-11-28T16:21:56 IST" duration-ms="12610">
      <class name="runnerfilepenta.Runpenta">
        <test-method is-config="true" signature="setUpClass(org.testng.ITestContext)[pri:0, instance:runnerfilepenta.Runpenta@65e98b1c]" started-at="2025-11-28T16:21:43 IST" name="setUpClass" finished-at="2025-11-28T16:21:44 IST" duration-ms="615" status="PASS">
          <params>
            <param index="0">
              <value>
                <![CDATA[org.testng.TestRunner@7c891ba7]]>
              </value>
            </param>
          </params>
          <reporter-output>
          </reporter-output>
        </test-method> <!-- setUpClass -->
        <test-method signature="runScenario(io.cucumber.testng.PickleWrapper,io.cucumber.testng.FeatureWrapper)[pri:0, instance:runnerfilepenta.Runpenta@65e98b1c]" started-at="2025-11-28T16:21:44 IST" name="runScenario" description="Runs Cucumber Scenarios" data-provider="scenarios" finished-at="2025-11-28T16:21:56 IST" duration-ms="11689" status="PASS">
          <params>
            <param index="0">
              <value>
                <![CDATA["To verify Registration functionality by entering valid credentials"]]>
              </value>
            </param>
            <param index="1">
              <value>
                <![CDATA["Registration Functionality"]]>
              </value>
            </param>
          </params>
          <reporter-output>
          </reporter-output>
        </test-method> <!-- runScenario -->
        <test-method is-config="true" signature="tearDownClass()[pri:0, instance:runnerfilepenta.Runpenta@65e98b1c]" started-at="2025-11-28T16:21:56 IST" name="tearDownClass" finished-at="2025-11-28T16:21:56 IST" duration-ms="223" status="PASS">
          <reporter-output>
          </reporter-output>
        </test-method> <!-- tearDownClass -->
      </class> <!-- runnerfilepenta.Runpenta -->
    </test> <!-- Default test -->
  </suite> <!-- Default suite -->
</testng-results>
